This is pdfTeX, Version 3.141592653-2.6-1.40.24 (MiKTeX 22.1) (preloaded format=pdflatex 2023.11.28)  15 JAN 2024 20:24
entering extended mode
 restricted \write18 enabled.
 file:line:error style messages enabled.
 %&-line parsing enabled.
**"/Users/mauro/Library/CloudStorage/OneDrive-ThePennsylvaniaStateUniversity/AERSP 566/HW_0.tex"
(/Users/mauro/Library/CloudStorage/OneDrive-ThePennsylvaniaStateUniversity/AERSP 566/HW_0.tex
LaTeX2e <2023-11-01>
L3 programming layer <2023-11-09>
(/Users/mauro/Library/Application Support/MiKTeX/texmfs/install/tex/latex/base/article.cls
Document Class: article 2023/05/17 v1.4n Standard LaTeX document class
(/Users/mauro/Library/Application Support/MiKTeX/texmfs/install/tex/latex/base/size10.clo
File: size10.clo 2023/05/17 v1.4n Standard LaTeX file (size option)
)
\c@part=\count186
\c@section=\count187
\c@subsection=\count188
\c@subsubsection=\count189
\c@paragraph=\count190
\c@subparagraph=\count191
\c@figure=\count192
\c@table=\count193
\abovecaptionskip=\skip48
\belowcaptionskip=\skip49
\bibindent=\dimen140
) (/Library/Application Support/MiKTeX/texmfs/install/tex/latex/amsmath/amsmath.sty
Package: amsmath 2023/05/13 v2.17o AMS math features
\@mathmargin=\skip50

For additional information on amsmath, use the `?' option.
(/Library/Application Support/MiKTeX/texmfs/install/tex/latex/amsmath/amstext.sty
Package: amstext 2021/08/26 v2.01 AMS text
 (/Library/Application Support/MiKTeX/texmfs/install/tex/latex/amsmath/amsgen.sty
File: amsgen.sty 1999/11/30 v2.0 generic functions
\@emptytoks=\toks17
\ex@=\dimen141
)) (/Library/Application Support/MiKTeX/texmfs/install/tex/latex/amsmath/amsbsy.sty
Package: amsbsy 1999/11/29 v1.2d Bold Symbols
\pmbraise@=\dimen142
) (/Library/Application Support/MiKTeX/texmfs/install/tex/latex/amsmath/amsopn.sty
Package: amsopn 2022/04/08 v2.04 operator names
)
\inf@bad=\count194
LaTeX Info: Redefining \frac on input line 234.
\uproot@=\count195
\leftroot@=\count196
LaTeX Info: Redefining \overline on input line 399.
LaTeX Info: Redefining \colon on input line 410.
\classnum@=\count197
\DOTSCASE@=\count198
LaTeX Info: Redefining \ldots on input line 496.
LaTeX Info: Redefining \dots on input line 499.
LaTeX Info: Redefining \cdots on input line 620.
\Mathstrutbox@=\box51
\strutbox@=\box52
LaTeX Info: Redefining \big on input line 722.
LaTeX Info: Redefining \Big on input line 723.
LaTeX Info: Redefining \bigg on input line 724.
LaTeX Info: Redefining \Bigg on input line 725.
\big@size=\dimen143
LaTeX Font Info:    Redeclaring font encoding OML on input line 743.
LaTeX Font Info:    Redeclaring font encoding OMS on input line 744.
\macc@depth=\count199
LaTeX Info: Redefining \bmod on input line 905.
LaTeX Info: Redefining \pmod on input line 910.
LaTeX Info: Redefining \smash on input line 940.
LaTeX Info: Redefining \relbar on input line 970.
LaTeX Info: Redefining \Relbar on input line 971.
\c@MaxMatrixCols=\count266
\dotsspace@=\muskip16
\c@parentequation=\count267
\dspbrk@lvl=\count268
\tag@help=\toks18
\row@=\count269
\column@=\count270
\maxfields@=\count271
\andhelp@=\toks19
\eqnshift@=\dimen144
\alignsep@=\dimen145
\tagshift@=\dimen146
\tagwidth@=\dimen147
\totwidth@=\dimen148
\lineht@=\dimen149
\@envbody=\toks20
\multlinegap=\skip51
\multlinetaggap=\skip52
\mathdisplay@stack=\toks21
LaTeX Info: Redefining \[ on input line 2953.
LaTeX Info: Redefining \] on input line 2954.
) (/Users/mauro/Library/Application Support/MiKTeX/texmfs/install/tex/latex/setspace/setspace.sty
Package: setspace 2022/12/04 v6.7b set line spacing
) (/Library/Application Support/MiKTeX/texmfs/install/tex/latex/graphics/graphicx.sty
Package: graphicx 2021/09/16 v1.2d Enhanced LaTeX Graphics (DPC,SPQR)
 (/Library/Application Support/MiKTeX/texmfs/install/tex/latex/graphics/keyval.sty
Package: keyval 2022/05/29 v1.15 key=value parser (DPC)
\KV@toks@=\toks22
) (/Library/Application Support/MiKTeX/texmfs/install/tex/latex/graphics/graphics.sty
Package: graphics 2022/03/10 v1.4e Standard LaTeX Graphics (DPC,SPQR)
 (/Library/Application Support/MiKTeX/texmfs/install/tex/latex/graphics/trig.sty
Package: trig 2021/08/11 v1.11 sin cos tan (DPC)
) (/Library/Application Support/MiKTeX/texmfs/install/tex/latex/graphics-cfg/graphics.cfg
File: graphics.cfg 2016/06/04 v1.11 sample graphics configuration
)
Package graphics Info: Driver file: pdftex.def on input line 107.
 (/Library/Application Support/MiKTeX/texmfs/install/tex/latex/graphics-def/pdftex.def
File: pdftex.def 2022/09/22 v1.2b Graphics/color driver for pdftex
))
\Gin@req@height=\dimen150
\Gin@req@width=\dimen151
) (/Library/Application Support/MiKTeX/texmfs/install/tex/latex/listings/listings.sty
\lst@mode=\count272
\lst@gtempboxa=\box53
\lst@token=\toks23
\lst@length=\count273
\lst@currlwidth=\dimen152
\lst@column=\count274
\lst@pos=\count275
\lst@lostspace=\dimen153
\lst@width=\dimen154
\lst@newlines=\count276
\lst@lineno=\count277
\lst@maxwidth=\dimen155
 (/Library/Application Support/MiKTeX/texmfs/install/tex/latex/listings/lstmisc.sty
File: lstmisc.sty 2023/02/27 1.9 (Carsten Heinz)
\c@lstnumber=\count278
\lst@skipnumbers=\count279
\lst@framebox=\box54
) (/Library/Application Support/MiKTeX/texmfs/install/tex/latex/listings/listings.cfg
File: listings.cfg 2023/02/27 1.9 listings configuration
))
Package: listings 2023/02/27 1.9 (Carsten Heinz)
 (/Library/Application Support/MiKTeX/texmfs/install/tex/latex/listings/lstlang1.sty
File: lstlang1.sty 2023/02/27 1.9 listings language file
) (/Library/Application Support/MiKTeX/texmfs/install/tex/latex/l3backend/l3backend-pdftex.def
File: l3backend-pdftex.def 2023-11-09 L3 backend support: PDF output (pdfTeX)
\l__color_backend_stack_int=\count280
\l__pdf_internal_box=\box55
) (HW_0.aux)
\openout1 = `HW_0.aux'.

LaTeX Font Info:    Checking defaults for OML/cmm/m/it on input line 17.
LaTeX Font Info:    ... okay on input line 17.
LaTeX Font Info:    Checking defaults for OMS/cmsy/m/n on input line 17.
LaTeX Font Info:    ... okay on input line 17.
LaTeX Font Info:    Checking defaults for OT1/cmr/m/n on input line 17.
LaTeX Font Info:    ... okay on input line 17.
LaTeX Font Info:    Checking defaults for T1/cmr/m/n on input line 17.
LaTeX Font Info:    ... okay on input line 17.
LaTeX Font Info:    Checking defaults for TS1/cmr/m/n on input line 17.
LaTeX Font Info:    ... okay on input line 17.
LaTeX Font Info:    Checking defaults for OMX/cmex/m/n on input line 17.
LaTeX Font Info:    ... okay on input line 17.
LaTeX Font Info:    Checking defaults for U/cmr/m/n on input line 17.
LaTeX Font Info:    ... okay on input line 17.
 (/Library/Application Support/MiKTeX/texmfs/install/tex/context/base/mkii/supp-pdf.mkii
[Loading MPS to PDF converter (version 2006.09.02).]
\scratchcounter=\count281
\scratchdimen=\dimen156
\scratchbox=\box56
\nofMPsegments=\count282
\nofMParguments=\count283
\everyMPshowfont=\toks24
\MPscratchCnt=\count284
\MPscratchDim=\dimen157
\MPnumerator=\count285
\makeMPintoPDFobject=\count286
\everyMPtoPDFconversion=\toks25
) (/Library/Application Support/MiKTeX/texmfs/install/tex/latex/epstopdf-pkg/epstopdf-base.sty
Package: epstopdf-base 2020-01-24 v2.11 Base part for package epstopdf
Package epstopdf-base Info: Redefining graphics rule for `.eps' on input line 485.
 (/Library/Application Support/MiKTeX/texmfs/install/tex/latex/00miktex/epstopdf-sys.cfg
File: epstopdf-sys.cfg 2021/03/18 v2.0 Configuration of epstopdf for MiKTeX
))
\c@lstlisting=\count287

Overfull \hbox (78.8528pt too wide) in paragraph at lines 29--55
\OML/cmm/m/it/10 AB \OT1/cmr/m/n/10 = []$ 
 []


Underfull \hbox (badness 10000) in paragraph at lines 29--55

 []


Underfull \hbox (badness 10000) in paragraph at lines 29--55

 []

[1

{/Users/mauro/Library/Application Support/MiKTeX/texmfs/data/fonts/map/pdftex/pdftex.map}] [2]
LaTeX Font Info:    Font shape `OT1/cmtt/bx/n' in size <10> not available
(Font)              Font shape `OT1/cmtt/m/n' tried instead on input line 124.
 [3]
LaTeX Font Info:    Trying to load font information for TS1+cmtt on input line 134.
 (/Users/mauro/Library/Application Support/MiKTeX/texmfs/install/tex/latex/base/ts1cmtt.fd
File: ts1cmtt.fd 2023/04/13 v2.5m Standard LaTeX font definitions
)
<Nonlinear System.png, id=24, 462.528pt x 346.896pt>
File: Nonlinear System.png Graphic file (type png)
<use Nonlinear System.png>
Package pdftex.def Info: Nonlinear System.png  used on input line 140.
(pdftex.def)             Requested size: 276.00105pt x 207.01175pt.
 [4] [5 <./Nonlinear System.png>] (HW_0.aux)
 ***********
LaTeX2e <2023-11-01>
L3 programming layer <2023-11-09>
 ***********
 ) 
Here is how much of TeX's memory you used:
 3882 strings out of 476521
 57066 string characters out of 5795522
 2122555 words of memory out of 5000000
 25829 multiletter control sequences out of 15000+600000
 560506 words of font info for 45 fonts, out of 8000000 for 9000
 0 hyphenation exceptions out of 8191
 57i,9n,65p,466b,1746s stack positions out of 10000i,1000n,20000p,200000b,200000s
 </Users/mauro/Library/Application Support/MiKTeX/texmfs/data/fonts/pk/ljfour/jknappen/ec/dpi600/tctt1000.pk></Library/Application Support/MiKTeX/texmfs/install/fonts/type1/public/amsfonts/cm/cmbx10.pfb></Library/Application Support/MiKTeX/texmfs/install/fonts/type1/public/amsfonts/cm/cmbx12.pfb></Library/Application Support/MiKTeX/texmfs/install/fonts/type1/public/amsfonts/cm/cmex10.pfb></Library/Application Support/MiKTeX/texmfs/install/fonts/type1/public/amsfonts/cm/cmmi10.pfb></Library/Application Support/MiKTeX/texmfs/install/fonts/type1/public/amsfonts/cm/cmmi5.pfb></Library/Application Support/MiKTeX/texmfs/install/fonts/type1/public/amsfonts/cm/cmmi7.pfb></Library/Application Support/MiKTeX/texmfs/install/fonts/type1/public/amsfonts/cm/cmr10.pfb></Library/Application Support/MiKTeX/texmfs/install/fonts/type1/public/amsfonts/cm/cmr12.pfb></Library/Application Support/MiKTeX/texmfs/install/fonts/type1/public/amsfonts/cm/cmr5.pfb></Library/Application Support/MiKTeX/texmfs/install/fonts/type1/public/amsfonts/cm/cmr7.pfb></Library/Application Support/MiKTeX/texmfs/install/fonts/type1/public/amsfonts/cm/cmsy10.pfb></Library/Application Support/MiKTeX/texmfs/install/fonts/type1/public/amsfonts/cm/cmsy7.pfb></Library/Application Support/MiKTeX/texmfs/install/fonts/type1/public/amsfonts/cm/cmtt10.pfb>
Output written on HW_0.pdf (5 pages, 179025 bytes).
PDF statistics:
 91 PDF objects out of 1000 (max. 8388607)
 0 named destinations out of 1000 (max. 500000)
 6 words of extra memory for PDF output out of 10000 (max. 10000000)

